{
  "id" : 1,
  "amount" : {
    "originalCurrencyCd" : "CNY",
    "originalAmount" : 310000.0,
    "normalizedOriginalAmount" : 8.18,
    "regionNormalizedOriginalAmount" : 820000.0,
    "accountAmount" : 120000.0,
    "oppAccountAmount" : 140000.0
  },
  "baseTransactionA" : {
    "resendDueToFailureInd" : false,
    "partyKey" : "partyKey_806",
    "transactionLocalDateTime" : "2022-06-27T21:38:46.053Z",
    "transactionNormalizedDateTime" : "2022-06-27T21:38:46.053Z",
    "sourceCd" : "WireSystem_8",
    "channel" : "MOBILE"
  },
  "baseTransactionB" : {
    "accountKey" : "466.GL.8938508"
  },
  "baseTransactionC" : {
    "transactionKey" : "2020041275596",
    "transactionType" : "Domestic"
  },
  "monetaryTransactionB" : {
    "addendaRecordCount" : 4,
    "fundsDirectionCd" : 0,
    "isTruncated" : false,
    "isTrxOnUs" : false,
    "payeeDataAccountNumber" : "19167614693933",
    "transactionId" : "2020041275596",
    "isRedeposit" : false
  },
  "partyReference" : {
    "partyType" : "Organization",
    "isOurEmployee" : false,
    "accountOwnershipReference" : {
      "bankingInd" : false,
      "creditCardInd" : false,
      "insuranceInd" : false,
      "investmentsInd" : false,
      "loanInd" : false,
      "longSavingsInd" : false,
      "mortgageInd" : false,
      "savingsInd" : false
    },
    "referenceUpdateDates" : {
      "addressUpdateDate" : "2023-02-27T17:02:50.266130519",
      "emailUpdateDate" : "2023-02-27T17:02:50.268409591",
      "infoUpdateDate" : "2023-02-27T17:02:50.268444384",
      "mobilePhoneUpdateDate" : "2023-02-27T17:02:50.268468075",
      "nameUpdateDate" : "2023-02-27T17:02:50.268490556",
      "passwordUpdateDate" : "2023-02-27T17:02:50.26851287",
      "phoneUpdateDate" : "2023-02-27T17:02:50.268535117",
      "phone2UpdateDate" : "2023-02-27T17:02:50.268557191",
      "phone3UpdateDate" : "2023-02-27T17:02:50.268579176",
      "pinUpdateDate" : "2023-02-27T17:02:50.268601024"
    }
  },
  "title" : "detectionRequestWire",
  "transferTransaction" : {
    "createdFromTemplateInd" : false,
    "emailNotificationInd" : false,
    "isAddEditPayee" : false,
    "isAddEditPayor" : false,
    "isEbill" : false,
    "isLastTransactionInBatch" : false,
    "isStandingOrder" : false,
    "executionDate" : "2023-02-27T17:02:50.269968024",
    "paymentSpeedCd" : "1",
    "numberOfApproversRequired" : 0
  },
  "trxMonitoredAccountData" : {
    "accountNumber" : "8938508",
    "currencyCd" : "CNY",
    "currentBalance" : 821915.6720688385,
    "overdraftBalance" : 697384.2586765821,
    "uncollectedBalance" : 0.0,
    "availableBalance" : 0.0,
    "ledgerBalance" : 0.0
  },
  "trxPayeeAccountData" : {
    "accountNumber" : 1428725545,
    "fiName" : "Zwdmk Weaa",
    "routingNumber" : 694766776,
    "routingType" : "ABA"
  },
  "trxPayeePartyData" : {
    "addressData" : {
      "addressLine1" : "Dfca Tpotzy\nOahb",
      "countryCd" : "US",
      "state" : "GD"
    },
    "lastName" : "Jefv",
    "name" : "Fqxq Htdwtnyhrfs"
  },
  "wirePayee" : {
    "originatorToBeneficiaryInfo" : "XfXYwkMDg5Vm4uXGpdYfPzJBcTJKu3VvLIyxRf0AnER0BFDwQKvb2yO9ZW1wFKEH",
    "wirePayeeAddress" : "Juyn\fNzyt\fRububvbr"
  },
  "channel" : "ATM"
}
{
  "id" : 2,
  "amount" : {
    "originalCurrencyCd" : "JPY",
    "originalAmount" : 0.0,
    "normalizedOriginalAmount" : 4053.65,
    "regionNormalizedOriginalAmount" : 90000.0,
    "accountAmount" : 60000.0,
    "oppAccountAmount" : 920000.0
  },
  "baseTransactionA" : {
    "resendDueToFailureInd" : true,
    "partyKey" : "partyKey_884",
    "transactionLocalDateTime" : "2021-05-18T14:14:18.258Z",
    "transactionNormalizedDateTime" : "2021-05-18T14:14:18.258Z",
    "sourceCd" : "WireSystem_8",
    "channel" : "ATM"
  },
  "baseTransactionB" : {
    "accountKey" : "466.GL.5566380"
  },
  "baseTransactionC" : {
    "transactionKey" : "2020041209127",
    "transactionType" : "Domestic"
  },
  "monetaryTransactionB" : {
    "addendaRecordCount" : 81,
    "fundsDirectionCd" : 1,
    "isTruncated" : false,
    "isTrxOnUs" : false,
    "payeeDataAccountNumber" : "73041773037091",
    "transactionId" : "2020041209127",
    "isRedeposit" : false
  },
  "partyReference" : {
    "partyType" : "Individual",
    "isOurEmployee" : false,
    "accountOwnershipReference" : {
      "bankingInd" : false,
      "creditCardInd" : false,
      "insuranceInd" : false,
      "investmentsInd" : false,
      "loanInd" : false,
      "longSavingsInd" : false,
      "mortgageInd" : false,
      "savingsInd" : false
    },
    "referenceUpdateDates" : {
      "addressUpdateDate" : "2023-02-27T17:02:50.280828303",
      "emailUpdateDate" : "2023-02-27T17:02:50.280892091",
      "infoUpdateDate" : "2023-02-27T17:02:50.280917816",
      "mobilePhoneUpdateDate" : "2023-02-27T17:02:50.280941243",
      "nameUpdateDate" : "2023-02-27T17:02:50.280980099",
      "passwordUpdateDate" : "2023-02-27T17:02:50.28104773",
      "phoneUpdateDate" : "2023-02-27T17:02:50.281071312",
      "phone2UpdateDate" : "2023-02-27T17:02:50.281093413",
      "phone3UpdateDate" : "2023-02-27T17:02:50.281150549",
      "pinUpdateDate" : "2023-02-27T17:02:50.281174505"
    }
  },
  "title" : "detectionRequestWire",
  "transferTransaction" : {
    "createdFromTemplateInd" : false,
    "emailNotificationInd" : false,
    "isAddEditPayee" : true,
    "isAddEditPayor" : false,
    "isEbill" : false,
    "isLastTransactionInBatch" : false,
    "isStandingOrder" : true,
    "executionDate" : "2023-02-27T17:02:50.281609959",
    "paymentSpeedCd" : "0",
    "numberOfApproversRequired" : 0
  },
  "trxMonitoredAccountData" : {
    "accountNumber" : "5566380",
    "currencyCd" : "JPY",
    "currentBalance" : 371727.3207016241,
    "overdraftBalance" : 753711.9665874835,
    "uncollectedBalance" : 0.0,
    "availableBalance" : 0.0,
    "ledgerBalance" : 0.0
  },
  "trxPayeeAccountData" : {
    "accountNumber" : 1116712643,
    "fiName" : "Memv Dsanb",
    "routingNumber" : 251721167,
    "routingType" : "ABA"
  },
  "trxPayeePartyData" : {
    "addressData" : {
      "addressLine1" : "Ziea\fPpmwn\rQhsj",
      "countryCd" : "US",
      "state" : "BN"
    },
    "lastName" : "Guqama",
    "name" : "Tlfn\tRgnep"
  },
  "wirePayee" : {
    "originatorToBeneficiaryInfo" : "Y5wWCJKAOdTd7Gp2cyrmTiZACN1s",
    "wirePayeeAddress" : "Oepo\fQfoqdt Arkbnii"
  },
  "channel" : "OFFLINE"
}
{
  "id" : 3,
  "amount" : {
    "originalCurrencyCd" : "GBP",
    "originalAmount" : 260000.0,
    "normalizedOriginalAmount" : 0.79,
    "regionNormalizedOriginalAmount" : 620000.0,
    "accountAmount" : 50000.0,
    "oppAccountAmount" : 770000.0
  },
  "baseTransactionA" : {
    "resendDueToFailureInd" : false,
    "partyKey" : "partyKey_120",
    "transactionLocalDateTime" : "2020-05-19T14:04:41.370Z",
    "transactionNormalizedDateTime" : "2020-05-19T14:04:41.370Z",
    "sourceCd" : "WireSystem_5",
    "channel" : "ONLINE"
  },
  "baseTransactionB" : {
    "accountKey" : "466.GL.6302024"
  },
  "baseTransactionC" : {
    "transactionKey" : "2020041246070",
    "transactionType" : "International"
  },
  "monetaryTransactionB" : {
    "addendaRecordCount" : 67,
    "fundsDirectionCd" : 1,
    "isTruncated" : false,
    "isTrxOnUs" : false,
    "payeeDataAccountNumber" : "77511935810367",
    "transactionId" : "2020041246070",
    "isRedeposit" : false
  },
  "partyReference" : {
    "partyType" : "Organization",
    "isOurEmployee" : false,
    "accountOwnershipReference" : {
      "bankingInd" : false,
      "creditCardInd" : false,
      "insuranceInd" : false,
      "investmentsInd" : false,
      "loanInd" : false,
      "longSavingsInd" : false,
      "mortgageInd" : false,
      "savingsInd" : false
    },
    "referenceUpdateDates" : {
      "addressUpdateDate" : "2023-02-27T17:02:50.282774439",
      "emailUpdateDate" : "2023-02-27T17:02:50.282812394",
      "infoUpdateDate" : "2023-02-27T17:02:50.28287418",
      "mobilePhoneUpdateDate" : "2023-02-27T17:02:50.282898889",
      "nameUpdateDate" : "2023-02-27T17:02:50.282978773",
      "passwordUpdateDate" : "2023-02-27T17:02:50.283004199",
      "phoneUpdateDate" : "2023-02-27T17:02:50.283025976",
      "phone2UpdateDate" : "2023-02-27T17:02:50.283135593",
      "phone3UpdateDate" : "2023-02-27T17:02:50.283162421",
      "pinUpdateDate" : "2023-02-27T17:02:50.28324528"
    }
  },
  "title" : "detectionRequestWire",
  "transferTransaction" : {
    "createdFromTemplateInd" : false,
    "emailNotificationInd" : false,
    "isAddEditPayee" : true,
    "isAddEditPayor" : false,
    "isEbill" : false,
    "isLastTransactionInBatch" : false,
    "isStandingOrder" : true,
    "executionDate" : "2023-02-27T17:02:50.283382321",
    "paymentSpeedCd" : "0",
    "numberOfApproversRequired" : 0
  },
  "trxMonitoredAccountData" : {
    "accountNumber" : "6302024",
    "currencyCd" : "CNY",
    "currentBalance" : 136007.33674370547,
    "overdraftBalance" : 602601.3394696686,
    "uncollectedBalance" : 0.0,
    "availableBalance" : 0.0,
    "ledgerBalance" : 0.0
  },
  "trxPayeeAccountData" : {
    "accountNumber" : 5649452832,
    "fiName" : "Zkvyq\fWipohslj",
    "routingNumber" : 32751013,
    "routingType" : "ABA"
  },
  "trxPayeePartyData" : {
    "addressData" : {
      "addressLine1" : "Cadn\nQbat\tDxpokpfslp",
      "countryCd" : "US",
      "state" : "AD"
    },
    "lastName" : "Jctbm",
    "name" : "Ebju\nExfiufz"
  },
  "wirePayee" : {
    "originatorToBeneficiaryInfo" : "LDCHtIBKStzQlDVS5OJbLbPvn6gkMJeMrBVCYUhWoeCA5mO5s7puF4Cger",
    "wirePayeeAddress" : "Uxmo Ixjm\fNirlykry"
  },
  "channel" : "ONLINE"
}
{
  "id" : 4,
  "amount" : {
    "originalCurrencyCd" : "CNY",
    "originalAmount" : 740000.0,
    "normalizedOriginalAmount" : 52.76,
    "regionNormalizedOriginalAmount" : 700000.0,
    "accountAmount" : 620000.0,
    "oppAccountAmount" : 730000.0
  },
  "baseTransactionA" : {
    "resendDueToFailureInd" : false,
    "partyKey" : "partyKey_828",
    "transactionLocalDateTime" : "2021-10-06T22:23:38.997Z",
    "transactionNormalizedDateTime" : "2021-10-06T22:23:38.997Z",
    "sourceCd" : "WireSystem_3",
    "channel" : "ATM"
  },
  "baseTransactionB" : {
    "accountKey" : "466.GL.7661083"
  },
  "baseTransactionC" : {
    "transactionKey" : "2020041215508",
    "transactionType" : "Domestic"
  },
  "monetaryTransactionB" : {
    "addendaRecordCount" : 34,
    "fundsDirectionCd" : 1,
    "isTruncated" : false,
    "isTrxOnUs" : false,
    "payeeDataAccountNumber" : "74032489315613",
    "transactionId" : "2020041215508",
    "isRedeposit" : false
  },
  "partyReference" : {
    "partyType" : "Individual",
    "isOurEmployee" : false,
    "accountOwnershipReference" : {
      "bankingInd" : false,
      "creditCardInd" : false,
      "insuranceInd" : false,
      "investmentsInd" : false,
      "loanInd" : false,
      "longSavingsInd" : false,
      "mortgageInd" : false,
      "savingsInd" : false
    },
    "referenceUpdateDates" : {
      "addressUpdateDate" : "2023-02-27T17:02:50.284524806",
      "emailUpdateDate" : "2023-02-27T17:02:50.284564275",
      "infoUpdateDate" : "2023-02-27T17:02:50.284582245",
      "mobilePhoneUpdateDate" : "2023-02-27T17:02:50.284621056",
      "nameUpdateDate" : "2023-02-27T17:02:50.284707834",
      "passwordUpdateDate" : "2023-02-27T17:02:50.284728111",
      "phoneUpdateDate" : "2023-02-27T17:02:50.284747177",
      "phone2UpdateDate" : "2023-02-27T17:02:50.284765648",
      "phone3UpdateDate" : "2023-02-27T17:02:50.284824941",
      "pinUpdateDate" : "2023-02-27T17:02:50.28491907"
    }
  },
  "title" : "detectionRequestWire",
  "transferTransaction" : {
    "createdFromTemplateInd" : false,
    "emailNotificationInd" : false,
    "isAddEditPayee" : true,
    "isAddEditPayor" : false,
    "isEbill" : false,
    "isLastTransactionInBatch" : false,
    "isStandingOrder" : true,
    "executionDate" : "2023-02-27T17:02:50.285352133",
    "paymentSpeedCd" : "1",
    "numberOfApproversRequired" : 0
  },
  "trxMonitoredAccountData" : {
    "accountNumber" : "7661083",
    "currencyCd" : "USD",
    "currentBalance" : 9222.312388836974,
    "overdraftBalance" : 910240.9958986734,
    "uncollectedBalance" : 0.0,
    "availableBalance" : 0.0,
    "ledgerBalance" : 0.0
  },
  "trxPayeeAccountData" : {
    "accountNumber" : 5152995518,
    "fiName" : "Vfqp Pzzdaj",
    "routingNumber" : 612265246,
    "routingType" : "ABA"
  },
  "trxPayeePartyData" : {
    "addressData" : {
      "addressLine1" : "Hqudi Cadz Eokqnv",
      "countryCd" : "US",
      "state" : "JU"
    },
    "lastName" : "Uwhmj",
    "name" : "Plzz\fSwbto"
  },
  "wirePayee" : {
    "originatorToBeneficiaryInfo" : "OUHxaCJR5Dy4PL8AcpYVkwxz9fhyifMAAv4Ghe6a0lpfy1hnTl6r",
    "wirePayeeAddress" : "Jjji\rRdrj\nJvxp"
  },
  "channel" : "ONLINE"
}
{
  "id" : 5,
  "amount" : {
    "originalCurrencyCd" : "CNY",
    "originalAmount" : 830000.0,
    "normalizedOriginalAmount" : 4.84,
    "regionNormalizedOriginalAmount" : 790000.0,
    "accountAmount" : 570000.0,
    "oppAccountAmount" : 500000.0
  },
  "baseTransactionA" : {
    "resendDueToFailureInd" : false,
    "partyKey" : "partyKey_677",
    "transactionLocalDateTime" : "2023-02-17T07:25:09.821Z",
    "transactionNormalizedDateTime" : "2023-02-17T07:25:09.821Z",
    "sourceCd" : "WireSystem_8",
    "channel" : "ONLINE"
  },
  "baseTransactionB" : {
    "accountKey" : "466.GL.3188061"
  },
  "baseTransactionC" : {
    "transactionKey" : "2020041284261",
    "transactionType" : "Domestic"
  },
  "monetaryTransactionB" : {
    "addendaRecordCount" : 46,
    "fundsDirectionCd" : 1,
    "isTruncated" : false,
    "isTrxOnUs" : false,
    "payeeDataAccountNumber" : "32146482408227",
    "transactionId" : "2020041284261",
    "isRedeposit" : false
  },
  "partyReference" : {
    "partyType" : "Organization",
    "isOurEmployee" : false,
    "accountOwnershipReference" : {
      "bankingInd" : false,
      "creditCardInd" : false,
      "insuranceInd" : false,
      "investmentsInd" : false,
      "loanInd" : false,
      "longSavingsInd" : false,
      "mortgageInd" : false,
      "savingsInd" : false
    },
    "referenceUpdateDates" : {
      "addressUpdateDate" : "2023-02-27T17:02:50.286105034",
      "emailUpdateDate" : "2023-02-27T17:02:50.286134574",
      "infoUpdateDate" : "2023-02-27T17:02:50.286149015",
      "mobilePhoneUpdateDate" : "2023-02-27T17:02:50.286162465",
      "nameUpdateDate" : "2023-02-27T17:02:50.28617512",
      "passwordUpdateDate" : "2023-02-27T17:02:50.286187714",
      "phoneUpdateDate" : "2023-02-27T17:02:50.286200804",
      "phone2UpdateDate" : "2023-02-27T17:02:50.286275479",
      "phone3UpdateDate" : "2023-02-27T17:02:50.286295976",
      "pinUpdateDate" : "2023-02-27T17:02:50.286310911"
    }
  },
  "title" : "detectionRequestWire",
  "transferTransaction" : {
    "createdFromTemplateInd" : false,
    "emailNotificationInd" : false,
    "isAddEditPayee" : true,
    "isAddEditPayor" : false,
    "isEbill" : false,
    "isLastTransactionInBatch" : false,
    "isStandingOrder" : false,
    "executionDate" : "2023-02-27T17:02:50.286362748",
    "paymentSpeedCd" : "1",
    "numberOfApproversRequired" : 0
  },
  "trxMonitoredAccountData" : {
    "accountNumber" : "3188061",
    "currencyCd" : "EUR",
    "currentBalance" : 351230.6149326051,
    "overdraftBalance" : 370131.6884011664,
    "uncollectedBalance" : 0.0,
    "availableBalance" : 0.0,
    "ledgerBalance" : 0.0
  },
  "trxPayeeAccountData" : {
    "accountNumber" : 8397115457,
    "fiName" : "Grpx\nGmtbf",
    "routingNumber" : 117199341,
    "routingType" : "ABA"
  },
  "trxPayeePartyData" : {
    "addressData" : {
      "addressLine1" : "Yabh\nVtuk\tWvdcauzwm",
      "countryCd" : "US",
      "state" : "NN"
    },
    "lastName" : "Vkvomxn",
    "name" : "Zrwub\tHamnw"
  },
  "wirePayee" : {
    "originatorToBeneficiaryInfo" : "tzsWoYdDAyVnc",
    "wirePayeeAddress" : "Cjzx Oecb\fOdjpze"
  },
  "channel" : "MOBILE"
}